<?xml version="1.0" encoding="UTF-8"?>
<!-- Generated by org.testng.reporters.JUnitXMLReporter -->
<testsuite hostname="KARTSUB4-1LWN0" name="CRM test cases" tests="3" failures="0" timestamp="23 Nov 2018 13:05:44 GMT" time="69.769" errors="0">
  <testcase name="loginPageTitleTest" time="0.053" classname="com.crm.qa.testcases.LoginPageTest"/>
  <testcase name="crmlogotest" time="0.113" classname="com.crm.qa.testcases.LoginPageTest"/>
  <testcase name="LoginTest" time="13.648" classname="com.crm.qa.testcases.LoginPageTest"/>
</testsuite> <!-- CRM test cases -->
